<?xml version="1.0" encoding="UTF-8"?>
<!-- Generated by org.testng.reporters.JUnitReportReporter -->
<testsuite skipped="0" hostname="DESKTOP-KGGB3NU" name="com.crm.testcases.LoginPageTest" tests="3" failures="0" timestamp="11 Dec 2020 14:47:59 GMT" time="38.923" errors="0">
  <testcase name="CheckPageTitle" time="11.623" classname="com.crm.testcases.LoginPageTest"/>
  <testcase name="CheckImage" time="11.827" classname="com.crm.testcases.LoginPageTest"/>
  <testcase name="LoginTest" time="15.473" classname="com.crm.testcases.LoginPageTest"/>
</testsuite> <!-- com.crm.testcases.LoginPageTest -->
